{
  "RSpec": {
    "coverage": {
      "/Users/shendidy/Makers/week2/Challenges/oystercard-2/oystercard/spec/oystercard_spec.rb": [
        1,
        null,
        1,
        null,
        1,
        11,
        null,
        null,
        1,
        null,
        1,
        1,
        null,
        null,
        1,
        1,
        null,
        null,
        1,
        1,
        4,
        null,
        null,
        null,
        null,
        1,
        null,
        1,
        1,
        null,
        null,
        1,
        1,
        2,
        null,
        null,
        null,
        null,
        1,
        null,
        1,
        5,
        null,
        null,
        1,
        1,
        1,
        null,
        null,
        1,
        null,
        1,
        1,
        1,
        null,
        null,
        1,
        1,
        null,
        null,
        1,
        1,
        2,
        null,
        null,
        1,
        4,
        null,
        null,
        null,
        null,
        1,
        1,
        1,
        1,
        1,
        0,
        null,
        null,
        null,
        null
      ],
      "/Users/shendidy/Makers/week2/Challenges/oystercard-2/oystercard/lib/oystercard.rb": [
        1,
        1,
        1,
        1,
        1,
        1,
        1,
        null,
        1,
        null,
        1,
        11,
        11,
        null,
        null,
        1,
        9,
        null,
        8,
        null,
        null,
        1,
        2,
        null,
        null,
        1,
        3,
        null,
        2,
        null,
        null,
        1,
        2,
        2,
        null,
        null,
        1,
        3,
        null,
        null,
        1,
        null
      ]
    },
    "timestamp": 1547567140
  }
}
